<testsuite failures="0" name="examples/users/userscreate.feature" skipped="0" tests="2" time="4.608925">
  <testcase classname="examples.users.userscreate" name="Checking whether possible to create a new user with mandatory fields like first,last name ,gender and email" time="2.002203">
    <system-out>* url myurl ............................................................... passed
* def accessToken = 'SgAL3dv2sLpkUMR_MSKFvn2RkViDLx12MxMN' ................ passed
Given path  'users/' + 'create.html' ...................................... passed
And header Authorization = 'Bearer ' + accessToken ........................ passed
And request ............................................................... passed
When method post .......................................................... passed
Then status 200 ........................................................... passed
And match response._meta.message contains 'OK. Everything worked as expected.' . passed
* karate.log(response) .................................................... passed</system-out>
  </testcase>
  <testcase classname="examples.users.userscreate" name="Checking with possible to create a new user will available data" time="2.606723">
    <system-out>* url myurl ............................................................... passed
* def accessToken = 'SgAL3dv2sLpkUMR_MSKFvn2RkViDLx12MxMN' ................ passed
Given path  'users/' + 'create.html' ...................................... passed
And header Authorization = 'Bearer ' + accessToken ........................ passed
And request ............................................................... passed
When method post .......................................................... passed
Then status 200 ........................................................... passed
And match response._meta.message contains 'OK. Everything worked as expected.' . passed
* karate.log(response) .................................................... passed
* url myurl ............................................................... passed
* def accessToken = 'SgAL3dv2sLpkUMR_MSKFvn2RkViDLx12MxMN' ................ passed
Given path  'users/' + 'create.html' ...................................... passed
And header Authorization = 'Bearer ' + accessToken ........................ passed
And request ............................................................... passed
When method post .......................................................... passed
Then status 200 ........................................................... passed
* karate.log(response) .................................................... passed
And match response._meta.message contains 'OK. Everything worked as expected.' . passed</system-out>
  </testcase>
</testsuite>
