<testsuite failures="1" name="examples/users/usersdelete.feature" skipped="0" tests="1" time="1.74372">
  <testcase classname="examples.users.usersdelete" name="Checking whether possible to delete a user" time="1.74372">
    <failure message="usersdelete.feature:11 - &#10;usersnew.feature:22 - path: $._meta.message, actual: 'Data validation failed. Please check the response body for detailed error messages.', expected: 'OK. Everything worked as expected.', reason: not a sub-string">* url myurl ............................................................... passed
* def accessToken = 'SgAL3dv2sLpkUMR_MSKFvn2RkViDLx12MxMN' ................ passed
* def result = call read('usersnew.feature') .............................. failed

Stack Trace:
com.intuit.karate.exception.KarateException: usersdelete.feature:11 - 
usersnew.feature:22 - path: $._meta.message, actual: 'Data validation failed. Please check the response body for detailed error messages.', expected: 'OK. Everything worked as expected.', reason: not a sub-string&#13;
	at âœ½.* def result = call read('usersnew.feature') (usersdelete.feature:11)&#13;

Given path  'users/' + result.id .......................................... skipped
And header Authorization = 'Bearer ' + accessToken ........................ skipped
When method delete ........................................................ skipped
Then status 200 ........................................................... skipped
* karate.log(response) .................................................... skipped</failure>
  </testcase>
</testsuite>
