<?xml version="1.0" encoding="UTF-8"?>
<testsuite xmlns:xsi="http://www.w3.org/2001/XMLSchema-instance" xsi:noNamespaceSchemaLocation="https://maven.apache.org/surefire/maven-surefire-plugin/xsd/surefire-test-report.xsd" name="examples.TestParallel" time="4.869" tests="1" errors="0" skipped="0" failures="1">
  <properties>
[...]
</properties>
  <testcase name="testParallel" classname="examples.TestParallel" time="4.863">
    <failure message="failed features:&#10;examples.users.usersdelete: usersdelete.feature:11 - &#10;usersnew.feature:22 - path: $._meta.message, actual: &apos;Data validation failed. Please check the response body for detailed error messages.&apos;, expected: &apos;OK. Everything worked as expected.&apos;, reason: not a sub-string&#10;examples.users.usersupdate: usersupdate.feature:10 - &#10;usersnew.feature:22 - path: $._meta.message, actual: &apos;Data validation failed. Please check the response body for detailed error messages.&apos;, expected: &apos;OK. Everything worked as expected.&apos;, reason: not a sub-string&#10;examples.users.userview: userview.feature:10 - &#10;usersnew.feature:22 - path: $._meta.message, actual: &apos;Data validation failed. Please check the response body for detailed error messages.&apos;, expected: &apos;OK. Everything worked as expected.&apos;, reason: not a sub-string&#10; ==&gt; expected: &lt;0&gt; but was: &lt;3&gt;" type="org.opentest4j.AssertionFailedError"><![CDATA[org.opentest4j.AssertionFailedError: 
failed features:
examples.users.usersdelete: usersdelete.feature:11 - 
usersnew.feature:22 - path: $._meta.message, actual: 'Data validation failed. Please check the response body for detailed error messages.', expected: 'OK. Everything worked as expected.', reason: not a sub-string
examples.users.usersupdate: usersupdate.feature:10 - 
usersnew.feature:22 - path: $._meta.message, actual: 'Data validation failed. Please check the response body for detailed error messages.', expected: 'OK. Everything worked as expected.', reason: not a sub-string
examples.users.userview: userview.feature:10 - 
usersnew.feature:22 - path: $._meta.message, actual: 'Data validation failed. Please check the response body for detailed error messages.', expected: 'OK. Everything worked as expected.', reason: not a sub-string
 ==> expected: <0> but was: <3>
	at examples.TestParallel.testParallel(TestParallel.java:34)
]]></failure>
    <system-out><![CDATA[09:09:53.950 [main] INFO  com.intuit.karate.Runner - waiting for parallel features to complete ...
09:09:54.130 [ForkJoinPool-1-worker-1] INFO  com.intuit.karate - karate.env system property was:  
09:09:54.130 [ForkJoinPool-1-worker-10] INFO  com.intuit.karate - karate.env system property was:  
09:09:54.130 [ForkJoinPool-1-worker-15] INFO  com.intuit.karate - karate.env system property was:  
09:09:54.131 [ForkJoinPool-1-worker-9] INFO  com.intuit.karate - karate.env system property was:  
09:09:54.131 [ForkJoinPool-1-worker-6] INFO  com.intuit.karate - karate.env system property was:  
09:09:54.131 [ForkJoinPool-1-worker-13] INFO  com.intuit.karate - karate.env system property was:  
09:09:54.131 [ForkJoinPool-1-worker-2] INFO  com.intuit.karate - karate.env system property was:  
09:09:54.130 [ForkJoinPool-1-worker-4] INFO  com.intuit.karate - karate.env system property was:  
09:09:54.130 [ForkJoinPool-1-worker-8] INFO  com.intuit.karate - karate.env system property was:  
09:09:54.131 [ForkJoinPool-1-worker-11] INFO  com.intuit.karate - karate.env system property was:  
09:09:54.694 [ForkJoinPool-1-worker-9] DEBUG com.intuit.karate - request:
1 > GET https://gorest.co.in/public-api/users/index.html?page=110
1 > Accept-Encoding: gzip,deflate
1 > Authorization: Bearer SgAL3dv2sLpkUMR_MSKFvn2RkViDLx12MxMN
1 > Connection: Keep-Alive
1 > Host: gorest.co.in
1 > User-Agent: Apache-HttpClient/4.5.11 (Java/1.8.0_241)

09:09:54.694 [ForkJoinPool-1-worker-10] DEBUG com.intuit.karate - request:
1 > GET https://gorest.co.in/public-api/users/index.html?page=0
1 > Accept-Encoding: gzip,deflate
1 > Authorization: Bearer SgAL3dv2sLpkUMR_MSKFvn2RkViDLx12MxMN
1 > Connection: Keep-Alive
1 > Host: gorest.co.in
1 > User-Agent: Apache-HttpClient/4.5.11 (Java/1.8.0_241)

09:09:54.694 [ForkJoinPool-1-worker-15] DEBUG com.intuit.karate - request:
1 > GET https://gorest.co.in/public-api/users/index.html?page=109
1 > Accept-Encoding: gzip,deflate
1 > Authorization: Bearer SgAL3dv2sLpkUMR_MSKFvn2RkViDLx12MxMN
1 > Connection: Keep-Alive
1 > Host: gorest.co.in
1 > User-Agent: Apache-HttpClient/4.5.11 (Java/1.8.0_241)

09:09:54.694 [ForkJoinPool-1-worker-1] DEBUG com.intuit.karate - request:
1 > GET https://gorest.co.in/public-api/users/index.html?page=1
1 > Accept-Encoding: gzip,deflate
1 > Authorization: Bearer SgAL3dv2sLpkUMR_MSKFvn2RkViDLx12MxMN
1 > Connection: Keep-Alive
1 > Host: gorest.co.in
1 > User-Agent: Apache-HttpClient/4.5.11 (Java/1.8.0_241)

09:09:54.694 [ForkJoinPool-1-worker-8] DEBUG com.intuit.karate - request:
1 > GET https://gorest.co.in/public-api/users/index.html?page=15
1 > Accept-Encoding: gzip,deflate
1 > Authorization: Bearer SgAL3dv2sLpkUMR_MSKFvn2RkViDLx12MxMN
1 > Connection: Keep-Alive
1 > Host: gorest.co.in
1 > User-Agent: Apache-HttpClient/4.5.11 (Java/1.8.0_241)

09:09:54.695 [ForkJoinPool-1-worker-2] DEBUG com.intuit.karate - request:
1 > POST https://gorest.co.in/public-api/users/create.html
1 > Accept-Encoding: gzip,deflate
1 > Authorization: Bearer SgAL3dv2sLpkUMR_MSKFvn2RkViDLx12MxMN
1 > Connection: Keep-Alive
1 > Content-Length: 78
1 > Content-Type: application/json; charset=UTF-8
1 > Host: gorest.co.in
1 > User-Agent: Apache-HttpClient/4.5.11 (Java/1.8.0_241)
{"first_name":"nany1","last_name":"jacob","gender":"male","email":"cv1@c.com"}

09:09:54.695 [ForkJoinPool-1-worker-4] DEBUG com.intuit.karate - request:
1 > POST https://gorest.co.in/public-api/users/create.html
1 > Accept-Encoding: gzip,deflate
1 > Authorization: Bearer SgAL3dv2sLpkUMR_MSKFvn2RkViDLx12MxMN
1 > Connection: Keep-Alive
1 > Content-Length: 78
1 > Content-Type: application/json; charset=UTF-8
1 > Host: gorest.co.in
1 > User-Agent: Apache-HttpClient/4.5.11 (Java/1.8.0_241)
{"first_name":"nany1","last_name":"jacob","gender":"male","email":"cv1@c.com"}

09:09:54.695 [ForkJoinPool-1-worker-11] DEBUG com.intuit.karate - request:
1 > POST https://gorest.co.in/public-api/users/create.html
1 > Accept-Encoding: gzip,deflate
1 > Authorization: Bearer SgAL3dv2sLpkUMR_MSKFvn2RkViDLx12MxMN
1 > Connection: Keep-Alive
1 > Content-Length: 78
1 > Content-Type: application/json; charset=UTF-8
1 > Host: gorest.co.in
1 > User-Agent: Apache-HttpClient/4.5.11 (Java/1.8.0_241)
{"first_name":"nany1","last_name":"jacob","gender":"male","email":"cv1@c.com"}

09:09:54.695 [ForkJoinPool-1-worker-6] DEBUG com.intuit.karate - request:
1 > POST https://gorest.co.in/public-api/users/create.html
1 > Accept-Encoding: gzip,deflate
1 > Authorization: Bearer SgAL3dv2sLpkUMR_MSKFvn2RkViDLx12MxMN
1 > Connection: Keep-Alive
1 > Content-Length: 288
1 > Content-Type: application/json; charset=UTF-8
1 > Host: gorest.co.in
1 > User-Agent: Apache-HttpClient/4.5.11 (Java/1.8.0_241)
{"first_name":"nany2","last_name":"jacob","gender":"male","email":"cv4@c.com","dob":"1990-11-05","phone":"2312345678","status":"active","address":" hello,mTVM","website":"http://ebert.com/consequatur-dolor-repellendus-provident-magni-molestiae-facere-fuga-voluptatem","about":"Heelo hai"}

09:09:54.695 [ForkJoinPool-1-worker-13] DEBUG com.intuit.karate - request:
1 > POST https://gorest.co.in/public-api/users/create.html
1 > Accept-Encoding: gzip,deflate
1 > Authorization: Bearer SgAL3dv2sLpkUMR_MSKFvn2RkViDLx12MxMN
1 > Connection: Keep-Alive
1 > Content-Length: 78
1 > Content-Type: application/json; charset=UTF-8
1 > Host: gorest.co.in
1 > User-Agent: Apache-HttpClient/4.5.11 (Java/1.8.0_241)
{"first_name":"nany1","last_name":"jacob","gender":"male","email":"cv2@c.com"}

09:09:55.818 [ForkJoinPool-1-worker-9] DEBUG com.intuit.karate - response time in milliseconds: 1118.84
1 < 200
1 < Connection: keep-alive
1 < Content-Type: application/json; charset=UTF-8
1 < Date: Wed, 20 May 2020 03:39:54 GMT
1 < Link: <https://gorest.co.in/public-api/users?page=106>; rel=self, <https://gorest.co.in/public-api/users?page=1>; rel=first, <https://gorest.co.in/public-api/users?page=105>; rel=prev
1 < Server: nginx
1 < Set-Cookie: _csrf=5815b294487d80eb6046068ea1398f9036c70337a985165d69c6c524b3fcf548a%3A2%3A%7Bi%3A0%3Bs%3A5%3A%22_csrf%22%3Bi%3A1%3Bs%3A32%3A%22wBlotpFqMkFl40yD8-2pU476xMtw4xq-%22%3B%7D; path=/; HttpOnly
1 < Transfer-Encoding: chunked
1 < Vary: [Accept-Encoding, Accept]
1 < X-Frame-Options: sameorigin
1 < X-Pagination-Current-Page: 106
1 < X-Pagination-Page-Count: 106
1 < X-Pagination-Per-Page: 20
1 < X-Pagination-Total-Count: 2112
1 < X-Rate-Limit-Limit: 30
1 < X-Rate-Limit-Remaining: 29
1 < X-Rate-Limit-Reset: 2
{"_meta":{"success":true,"code":200,"message":"OK. Everything worked as expected.","totalCount":2112,"pageCount":106,"currentPage":106,"perPage":20,"rateLimit":{"limit":30,"remaining":29,"reset":2}},"result":[{"id":"23476","first_name":"Julian","last_name":"Hartmann","gender":"male","dob":"1996-05-09","email":"vroberts@example.com","phone":"+1-819-907-1570","website":"http://heaney.com/ut-deleniti-quas-architecto-facere.html","address":"24738 Kassulke Points Suite 107\nArnoldton, AL 69983-5323","status":"inactive","_links":{"self":{"href":"https://gorest.co.in/public-api/users/23476"},"edit":{"href":"https://gorest.co.in/public-api/users/23476"},"avatar":{"href":"https://lorempixel.com/250/250/people/?19383"}}},{"id":"23477","first_name":"Hadley","last_name":"Jerde","gender":"male","dob":"1979-12-10","email":"josefina83@example.com","phone":"908-619-4712 x897","website":"http://www.hermann.org/","address":"14202 Walter Spring\nWest Williemouth, AR 99546-7589","status":"active","_links":{"self":{"href":"https://gorest.co.in/public-api/users/23477"},"edit":{"href":"https://gorest.co.in/public-api/users/23477"},"avatar":{"href":"https://lorempixel.com/250/250/people/?15818"}}},{"id":"23478","first_name":"Joshuah","last_name":"Collier","gender":"male","dob":"1950-09-09","email":"kuhic.trisha@example.org","phone":"+1 (710) 949-2837","website":"http://www.kertzmann.org/odit-quibusdam-aut-dolorum-qui-labore-eaque-assumenda","address":"43070 Dillon Valleys Apt. 665\nAbernathyfort, MD 69493","status":"active","_links":{"self":{"href":"https://gorest.co.in/public-api/users/23478"},"edit":{"href":"https://gorest.co.in/public-api/users/23478"},"avatar":{"href":"https://lorempixel.com/250/250/people/?28841"}}},{"id":"23479","first_name":"Florine","last_name":"Ritchie","gender":"female","dob":"1959-03-02","email":"hilton.zboncak@example.net","phone":"869.998.1917","website":"http://schaden.com/aut-culpa-hic-reprehenderit-quia","address":"99986 Huels Square\nLake Selina, PA 15860-6782","status":"active","_links":{"self":{"href":"https://gorest.co.in/public-api/users/23479"},"edit":{"href":"https://gorest.co.in/public-api/users/23479"},"avatar":{"href":"https://lorempixel.com/250/250/people/?34280"}}},{"id":"23480","first_name":"Solon","last_name":"Gulgowski","gender":"male","dob":"1958-08-13","email":"tia.jakubowski@example.com","phone":"1-658-284-0928 x5798","website":"http://www.hackett.com/sed-qui-eum-veniam-enim-est-dicta-sunt.html","address":"73874 Geoffrey Pike Suite 248\nMontanachester, VT 11714-3419","status":"inactive","_links":{"self":{"href":"https://gorest.co.in/public-api/users/23480"},"edit":{"href":"https://gorest.co.in/public-api/users/23480"},"avatar":{"href":"https://lorempixel.com/250/250/people/?30625"}}},{"id":"23484","first_name":"Elouise","last_name":"VonRueden","gender":"female","dob":"1932-04-24","email":"akautzer@example.org","phone":"1-901-810-5529","website":"http://www.swift.com/a-dolor-eos-incidunt-enim","address":"201 Weimann Valleys Suite 293\nBarrowstown, AL 15003-2062","status":"active","_links":{"self":{"href":"https://gorest.co.in/public-api/users/23484"},"edit":{"href":"https://gorest.co.in/public-api/users/23484"},"avatar":{"href":"https://lorempixel.com/250/250/people/?78875"}}},{"id":"23485","first_name":"Percival","last_name":"Funk","gender":"male","dob":"1928-02-13","email":"fprohaska@example.com","phone":"1-630-364-5632 x2420","website":"http://www.tillman.org/ipsum-quibusdam-quis-similique-vero-voluptatem-in-et-nulla.html","address":"800 Franco Prairie\nNew Horacemouth, AZ 61577-3745","status":"active","_links":{"self":{"href":"https://gorest.co.in/public-api/users/23485"},"edit":{"href":"https://gorest.co.in/public-api/users/23485"},"avatar":{"href":"https://lorempixel.com/250/250/people/?38860"}}},{"id":"23487","first_name":"Brooke","last_name":"Goyette","gender":"female","dob":"1985-09-13","email":"crawford20@example.org","phone":"(347) 549-0891","website":"https://erdman.com/minus-ea-eaque-expedita-perferendis.html","address":"4268 Kris View Suite 160\nLake Juvenal, RI 45504","status":"active","_links":{"self":{"href":"https://gorest.co.in/public-api/users/23487"},"edit":{"href":"https://gorest.co.in/public-api/users/23487"},"avatar":{"href":"https://lorempixel.com/250/250/people/?19382"}}},{"id":"23489","first_name":"Ottilie","last_name":"Gibson","gender":"female","dob":"1924-09-16","email":"gibson.abner@example.net","phone":"516.407.9153","website":"http://stokes.org/sit-maxime-officiis-voluptatem-maiores-expedita-qui","address":"754 Elnora Forges Apt. 462\nReubenmouth, SC 76429-0733","status":"inactive","_links":{"self":{"href":"https://gorest.co.in/public-api/users/23489"},"edit":{"href":"https://gorest.co.in/public-api/users/23489"},"avatar":{"href":"https://lorempixel.com/250/250/people/?42695"}}},{"id":"23490","first_name":"Karli","last_name":"Kemmer","gender":"female","dob":"1940-10-23","email":"paucek.jacinthe@example.net","phone":"(764) 704-8315","website":"http://johnston.com/est-non-laboriosam-praesentium-deleniti-nisi-at-blanditiis","address":"249 Breitenberg Mountain\nNew Katlynn, ND 07217","status":"inactive","_links":{"self":{"href":"https://gorest.co.in/public-api/users/23490"},"edit":{"href":"https://gorest.co.in/public-api/users/23490"},"avatar":{"href":"https://lorempixel.com/250/250/people/?58362"}}},{"id":"23491","first_name":"Charlene","last_name":"Daniel","gender":"female","dob":"1947-07-04","email":"evie40@example.org","phone":"523.334.6753 x15176","website":"http://www.runolfsson.org/at-excepturi-et-at-officiis","address":"70098 Hilpert Mission\nFeeneystad, NV 83931-0774","status":"inactive","_links":{"self":{"href":"https://gorest.co.in/public-api/users/23491"},"edit":{"href":"https://gorest.co.in/public-api/users/23491"},"avatar":{"href":"https://lorempixel.com/250/250/people/?61984"}}},{"id":"25387","first_name":"nany1","last_name":"jacob","gender":"male","dob":null,"email":"cv1@c.com","phone":null,"website":null,"address":null,"status":null,"_links":{"self":{"href":"https://gorest.co.in/public-api/users/25387"},"edit":{"href":"https://gorest.co.in/public-api/users/25387"},"avatar":{"href":null}}}]}

09:09:55.829 [ForkJoinPool-1-worker-1] DEBUG com.intuit.karate - response time in milliseconds: 1132.85
1 < 200
1 < Connection: keep-alive
1 < Content-Type: application/json; charset=UTF-8
1 < Date: Wed, 20 May 2020 03:39:55 GMT
1 < Link: <https://gorest.co.in/public-api/users?page=1>; rel=self, <https://gorest.co.in/public-api/users?page=2>; rel=next, <https://gorest.co.in/public-api/users?page=106>; rel=last
1 < Server: nginx
1 < Set-Cookie: _csrf=e3714deecd0d7c7be0a1fda0931d983aa344288006b475dfb49b4c5a5f6a1ffea%3A2%3A%7Bi%3A0%3Bs%3A5%3A%22_csrf%22%3Bi%3A1%3Bs%3A32%3A%22P5lUidHzmDF8T6Eo7XeZU2K0JhKR0PBh%22%3B%7D; path=/; HttpOnly
1 < Transfer-Encoding: chunked
1 < Vary: [Accept-Encoding, Accept]
1 < X-Frame-Options: sameorigin
1 < X-Pagination-Current-Page: 1
1 < X-Pagination-Page-Count: 106
1 < X-Pagination-Per-Page: 20
1 < X-Pagination-Total-Count: 2112
1 < X-Rate-Limit-Limit: 30
1 < X-Rate-Limit-Remaining: 28
1 < X-Rate-Limit-Reset: 4
{"_meta":{"success":true,"code":200,"message":"OK. Everything worked as expected.","totalCount":2112,"pageCount":106,"currentPage":1,"perPage":20,"rateLimit":{"limit":30,"remaining":28,"reset":4}},"result":[{"id":"1422","first_name":"Jane","last_name":"Smith","gender":"female","dob":"1936-02-16","email":"danylko@gmail.com","phone":"(963) 574-7893 x08190","website":"http://lindgren.net/et-deleniti-et-consequuntur-quae.html","address":"91005 Carolyne Lodge Suite 240\nBechtelarview, MI 79029-0149","status":"inactive","_links":{"self":{"href":"https://gorest.co.in/public-api/users/1422"},"edit":{"href":"https://gorest.co.in/public-api/users/1422"},"avatar":{"href":"https://lorempixel.com/250/250/people/?10353"}}},{"id":"1424","first_name":"Gustave","last_name":"Gutkowski","gender":"male","dob":"1972-04-07","email":"jayde34@example.net","phone":"461-387-9299 x86476","website":"http://klocko.com/tempora-ea-laudantium-voluptate-odit-voluptatem-dolorem-laborum","address":"1488 Ima Creek Suite 684\nShanyshire, AL 79431-4093","status":"active","_links":{"self":{"href":"https://gorest.co.in/public-api/users/1424"},"edit":{"href":"https://gorest.co.in/public-api/users/1424"},"avatar":{"href":"https://lorempixel.com/250/250/people/?32735"}}},{"id":"1425","first_name":"Guido","last_name":"King","gender":"male","dob":"1941-02-14","email":"mateo.wyman@example.net","phone":"251.608.5493","website":"http://reynolds.com/","address":"622 Leffler Plains Suite 489\nWesttown, NE 77576","status":"active","_links":{"self":{"href":"https://gorest.co.in/public-api/users/1425"},"edit":{"href":"https://gorest.co.in/public-api/users/1425"},"avatar":{"href":"https://lorempixel.com/250/250/people/?47656"}}},{"id":"1426","first_name":"Polly","last_name":"Balistreri","gender":"female","dob":"1927-12-01","email":"brayan54@example.com","phone":"+1 (857) 819-4048","website":"http://www.sawayn.com/nihil-blanditiis-consequatur-iste-vitae-aperiam-qui","address":"892 Morissette Mews\nLonzomouth, NV 68379-9718","status":"active","_links":{"self":{"href":"https://gorest.co.in/public-api/users/1426"},"edit":{"href":"https://gorest.co.in/public-api/users/1426"},"avatar":{"href":"https://lorempixel.com/250/250/people/?70819"}}},{"id":"1427","first_name":"Troy","last_name":"Monahan","gender":"male","dob":"1978-04-06","email":"kaya.tremblay@example.net","phone":"1-391-751-4386 x1423","website":"http://upton.com/officia-laudantium-magnam-et-consequuntur","address":"748 Stamm Forges\nEast Tristintown, AL 02653-7548","status":"active","_links":{"self":{"href":"https://gorest.co.in/public-api/users/1427"},"edit":{"href":"https://gorest.co.in/public-api/users/1427"},"avatar":{"href":"https://lorempixel.com/250/250/people/?46398"}}},{"id":"1428","first_name":"Marley","last_name":"Nader","gender":"male","dob":"1951-10-30","email":"loyal.parker@example.org","phone":"851-374-0711 x59593","website":"http://bartoletti.biz/sunt-facere-magni-sapiente-reiciendis-provident","address":"99304 Shyann Stream\nGerholdhaven, MI 38099-0077","status":"active","_links":{"self":{"href":"https://gorest.co.in/public-api/users/1428"},"edit":{"href":"https://gorest.co.in/public-api/users/1428"},"avatar":{"href":"https://lorempixel.com/250/250/people/?22096"}}},{"id":"1429","first_name":"Filomena","last_name":"Lang","gender":"female","dob":"1954-01-12","email":"stanton.irving@example.com","phone":"296.898.3453","website":"https://legros.com/sed-et-non-voluptas-et-rem-sed-aspernatur-delectus.html","address":"18954 Sandrine Key\nSouth Missouri, VA 14420-6799","status":"active","_links":{"self":{"href":"https://gorest.co.in/public-api/users/1429"},"edit":{"href":"https://gorest.co.in/public-api/users/1429"},"avatar":{"href":"https://lorempixel.com/250/250/people/?44986"}}},{"id":"1430","first_name":"Kaylie","last_name":"Dare","gender":"female","dob":"1970-12-28","email":"conrad.skiles@example.org","phone":"876-241-3695 x0364","website":"http://www.turcotte.com/dolores-quis-ex-consequuntur-aut-quo-fuga-enim-repellendus","address":"438 Aletha Station\nWest Rogers, MD 00663-4651","status":"active","_links":{"self":{"href":"https://gorest.co.in/public-api/users/1430"},"edit":{"href":"https://gorest.co.in/public-api/users/1430"},"avatar":{"href":"https://lorempixel.com/250/250/people/?93129"}}},{"id":"1431","first_name":"Dewayne","last_name":"Mraz","gender":"male","dob":"1931-02-27","email":"simonis.christa@example.net","phone":"+12438975792","website":"https://www.homenick.com/molestiae-amet-vitae-est-corporis-quasi-laborum-libero","address":"83909 Jaydon Knoll Apt. 888\nEast Reedshire, GA 83011","status":"active","_links":{"self":{"href":"https://gorest.co.in/public-api/users/1431"},"edit":{"href":"https://gorest.co.in/public-api/users/1431"},"avatar":{"href":"https://lorempixel.com/250/250/people/?13340"}}},{"id":"1432","first_name":"Gust","last_name":"Waelchi","gender":"male","dob":"2019-05-26","email":"jaskolski.xavier@example.com","phone":"994.809.5182","website":"https://berge.net/ducimus-exercitationem-facere-veniam-quia.html","address":"910 Aniya Wells Apt. 780\nSouth Rodolfo, CO 60878","status":"inactive","_links":{"self":{"href":"https://gorest.co.in/public-api/users/1432"},"edit":{"href":"https://gorest.co.in/public-api/users/1432"},"avatar":{"href":"https://lorempixel.com/250/250/people/?21845"}}},{"id":"1433","first_name":"Adelbert","last_name":"Welch","gender":"male","dob":"2015-01-17","email":"wilford.reinger@example.net","phone":"1-294-383-6110 x669","website":"http://kovacek.com/consequatur-voluptatem-consequatur-saepe-inventore.html","address":"21921 Sporer Drive Apt. 903\nNorth Ruthe, PA 51256","status":"inactive","_links":{"self":{"href":"https://gorest.co.in/public-api/users/1433"},"edit":{"href":"https://gorest.co.in/public-api/users/1433"},"avatar":{"href":"https://lorempixel.com/250/250/people/?87250"}}},{"id":"1434","first_name":"Gabe","last_name":"Mante","gender":"male","dob":"1944-04-30","email":"adolphus.dickinson@example.org","phone":"987.909.9653","website":"http://www.hagenes.biz/sit-cupiditate-earum-aut-eveniet-sint","address":"8637 Jermey Expressway Suite 901\nEast Elaina, OR 68107-7070","status":"inactive","_links":{"self":{"href":"https://gorest.co.in/public-api/users/1434"},"edit":{"href":"https://gorest.co.in/public-api/users/1434"},"avatar":{"href":"https://lorempixel.com/250/250/people/?24136"}}},{"id":"1435","first_name":"Marlin","last_name":"Reilly","gender":"male","dob":"2006-05-16","email":"beahan.mara@example.net","phone":"1-997-865-1995 x23858","website":"http://kris.info/enim-occaecati-dolorum-quia-id","address":"74002 Breanna Rapid Apt. 747\nSpencermouth, WI 53896","status":"active","_links":{"self":{"href":"https://gorest.co.in/public-api/users/1435"},"edit":{"href":"https://gorest.co.in/public-api/users/1435"},"avatar":{"href":"https://lorempixel.com/250/250/people/?25988"}}},{"id":"1436","first_name":"Elza","last_name":"Schuppe","gender":"female","dob":"1990-05-04","email":"ebert.kayden@example.net","phone":"(483) 784-3608","website":"http://www.johns.com/soluta-earum-consequuntur-quidem-ab-quos","address":"63463 Smitham Hills\nWest Mara, AZ 54616-1853","status":"inactive","_links":{"self":{"href":"https://gorest.co.in/public-api/users/1436"},"edit":{"href":"https://gorest.co.in/public-api/users/1436"},"avatar":{"href":"https://lorempixel.com/250/250/people/?98915"}}},{"id":"1437","first_name":"Lucius","last_name":"Crist","gender":"male","dob":"1968-04-25","email":"brekke.charity@example.org","phone":"(237) 402-7677","website":"http://www.veum.info/","address":"69038 Torphy Crossroad\nYvonnemouth, ID 36670","status":"inactive","_links":{"self":{"href":"https://gorest.co.in/public-api/users/1437"},"edit":{"href":"https://gorest.co.in/public-api/users/1437"},"avatar":{"href":"https://lorempixel.com/250/250/people/?58696"}}},{"id":"1438","first_name":"Destini","last_name":"Considine","gender":"female","dob":"1954-09-02","email":"branson91@example.com","phone":"991.416.9564 x94020","website":"http://www.goyette.com/id-alias-assumenda-nisi-occaecati.html","address":"142 Roslyn Burg\nDerrickfurt, MA 42874-0452","status":"active","_links":{"self":{"href":"https://gorest.co.in/public-api/users/1438"},"edit":{"href":"https://gorest.co.in/public-api/users/1438"},"avatar":{"href":"https://lorempixel.com/250/250/people/?35087"}}},{"id":"1439","first_name":"Taryn","last_name":"Hodkiewicz","gender":"female","dob":"1978-09-04","email":"justice.mraz@example.com","phone":"225-345-1850","website":"http://hand.com/harum-nemo-consequatur-esse-in-qui-consequatur.html","address":"12329 Belle Mill Suite 324\nNew Kaela, HI 41314-5694","status":"active","_links":{"self":{"href":"https://gorest.co.in/public-api/users/1439"},"edit":{"href":"https://gorest.co.in/public-api/users/1439"},"avatar":{"href":"https://lorempixel.com/250/250/people/?77205"}}},{"id":"1440","first_name":"Caesar","last_name":"Gutkowski","gender":"male","dob":"1932-01-09","email":"birdie70@example.org","phone":"801.466.0491","website":"http://ankunding.com/sed-qui-temporibus-dolorem-voluptas","address":"374 Borer Meadow\nEast Joannestad, CA 08026","status":"active","_links":{"self":{"href":"https://gorest.co.in/public-api/users/1440"},"edit":{"href":"https://gorest.co.in/public-api/users/1440"},"avatar":{"href":"https://lorempixel.com/250/250/people/?91707"}}},{"id":"1441","first_name":"Layla","last_name":"Hane","gender":"female","dob":"1939-08-17","email":"eduardo01@example.net","phone":"1-248-936-4075 x533","website":"http://www.mccullough.com/id-voluptas-et-quia-harum","address":"168 Esteban Lane Apt. 933\nGrimesside, WY 70654","status":"active","_links":{"self":{"href":"https://gorest.co.in/public-api/users/1441"},"edit":{"href":"https://gorest.co.in/public-api/users/1441"},"avatar":{"href":"https://lorempixel.com/250/250/people/?46464"}}},{"id":"1442","first_name":"Deon","last_name":"Marvin","gender":"male","dob":"1992-11-20","email":"nwolff@example.com","phone":"592.753.2093 x79151","website":"http://www.wyman.info/","address":"57283 Uriel Ports Apt. 374\nDouglasview, DC 21132","status":"inactive","_links":{"self":{"href":"https://gorest.co.in/public-api/users/1442"},"edit":{"href":"https://gorest.co.in/public-api/users/1442"},"avatar":{"href":"https://lorempixel.com/250/250/people/?67534"}}}]}

09:09:55.876 [ForkJoinPool-1-worker-10] DEBUG com.intuit.karate - response time in milliseconds: 1179.59
1 < 200
1 < Connection: keep-alive
1 < Content-Type: application/json; charset=UTF-8
1 < Date: Wed, 20 May 2020 03:39:55 GMT
1 < Link: <https://gorest.co.in/public-api/users?page=1>; rel=self, <https://gorest.co.in/public-api/users?page=2>; rel=next, <https://gorest.co.in/public-api/users?page=106>; rel=last
1 < Server: nginx
1 < Set-Cookie: _csrf=379292d908b5831d9bbca6c399024384d415fc5a0c6a703e3dafa396da31ac0ba%3A2%3A%7Bi%3A0%3Bs%3A5%3A%22_csrf%22%3Bi%3A1%3Bs%3A32%3A%22X2cQ5PJe8CQdUaTJjdIyWde3taMs0voh%22%3B%7D; path=/; HttpOnly
1 < Transfer-Encoding: chunked
1 < Vary: [Accept-Encoding, Accept]
1 < X-Frame-Options: sameorigin
1 < X-Pagination-Current-Page: 1
1 < X-Pagination-Page-Count: 106
1 < X-Pagination-Per-Page: 20
1 < X-Pagination-Total-Count: 2112
1 < X-Rate-Limit-Limit: 30
1 < X-Rate-Limit-Remaining: 27
1 < X-Rate-Limit-Reset: 6
{"_meta":{"success":true,"code":200,"message":"OK. Everything worked as expected.","totalCount":2112,"pageCount":106,"currentPage":1,"perPage":20,"rateLimit":{"limit":30,"remaining":27,"reset":6}},"result":[{"id":"1422","first_name":"Jane","last_name":"Smith","gender":"female","dob":"1936-02-16","email":"danylko@gmail.com","phone":"(963) 574-7893 x08190","website":"http://lindgren.net/et-deleniti-et-consequuntur-quae.html","address":"91005 Carolyne Lodge Suite 240\nBechtelarview, MI 79029-0149","status":"inactive","_links":{"self":{"href":"https://gorest.co.in/public-api/users/1422"},"edit":{"href":"https://gorest.co.in/public-api/users/1422"},"avatar":{"href":"https://lorempixel.com/250/250/people/?10353"}}},{"id":"1424","first_name":"Gustave","last_name":"Gutkowski","gender":"male","dob":"1972-04-07","email":"jayde34@example.net","phone":"461-387-9299 x86476","website":"http://klocko.com/tempora-ea-laudantium-voluptate-odit-voluptatem-dolorem-laborum","address":"1488 Ima Creek Suite 684\nShanyshire, AL 79431-4093","status":"active","_links":{"self":{"href":"https://gorest.co.in/public-api/users/1424"},"edit":{"href":"https://gorest.co.in/public-api/users/1424"},"avatar":{"href":"https://lorempixel.com/250/250/people/?32735"}}},{"id":"1425","first_name":"Guido","last_name":"King","gender":"male","dob":"1941-02-14","email":"mateo.wyman@example.net","phone":"251.608.5493","website":"http://reynolds.com/","address":"622 Leffler Plains Suite 489\nWesttown, NE 77576","status":"active","_links":{"self":{"href":"https://gorest.co.in/public-api/users/1425"},"edit":{"href":"https://gorest.co.in/public-api/users/1425"},"avatar":{"href":"https://lorempixel.com/250/250/people/?47656"}}},{"id":"1426","first_name":"Polly","last_name":"Balistreri","gender":"female","dob":"1927-12-01","email":"brayan54@example.com","phone":"+1 (857) 819-4048","website":"http://www.sawayn.com/nihil-blanditiis-consequatur-iste-vitae-aperiam-qui","address":"892 Morissette Mews\nLonzomouth, NV 68379-9718","status":"active","_links":{"self":{"href":"https://gorest.co.in/public-api/users/1426"},"edit":{"href":"https://gorest.co.in/public-api/users/1426"},"avatar":{"href":"https://lorempixel.com/250/250/people/?70819"}}},{"id":"1427","first_name":"Troy","last_name":"Monahan","gender":"male","dob":"1978-04-06","email":"kaya.tremblay@example.net","phone":"1-391-751-4386 x1423","website":"http://upton.com/officia-laudantium-magnam-et-consequuntur","address":"748 Stamm Forges\nEast Tristintown, AL 02653-7548","status":"active","_links":{"self":{"href":"https://gorest.co.in/public-api/users/1427"},"edit":{"href":"https://gorest.co.in/public-api/users/1427"},"avatar":{"href":"https://lorempixel.com/250/250/people/?46398"}}},{"id":"1428","first_name":"Marley","last_name":"Nader","gender":"male","dob":"1951-10-30","email":"loyal.parker@example.org","phone":"851-374-0711 x59593","website":"http://bartoletti.biz/sunt-facere-magni-sapiente-reiciendis-provident","address":"99304 Shyann Stream\nGerholdhaven, MI 38099-0077","status":"active","_links":{"self":{"href":"https://gorest.co.in/public-api/users/1428"},"edit":{"href":"https://gorest.co.in/public-api/users/1428"},"avatar":{"href":"https://lorempixel.com/250/250/people/?22096"}}},{"id":"1429","first_name":"Filomena","last_name":"Lang","gender":"female","dob":"1954-01-12","email":"stanton.irving@example.com","phone":"296.898.3453","website":"https://legros.com/sed-et-non-voluptas-et-rem-sed-aspernatur-delectus.html","address":"18954 Sandrine Key\nSouth Missouri, VA 14420-6799","status":"active","_links":{"self":{"href":"https://gorest.co.in/public-api/users/1429"},"edit":{"href":"https://gorest.co.in/public-api/users/1429"},"avatar":{"href":"https://lorempixel.com/250/250/people/?44986"}}},{"id":"1430","first_name":"Kaylie","last_name":"Dare","gender":"female","dob":"1970-12-28","email":"conrad.skiles@example.org","phone":"876-241-3695 x0364","website":"http://www.turcotte.com/dolores-quis-ex-consequuntur-aut-quo-fuga-enim-repellendus","address":"438 Aletha Station\nWest Rogers, MD 00663-4651","status":"active","_links":{"self":{"href":"https://gorest.co.in/public-api/users/1430"},"edit":{"href":"https://gorest.co.in/public-api/users/1430"},"avatar":{"href":"https://lorempixel.com/250/250/people/?93129"}}},{"id":"1431","first_name":"Dewayne","last_name":"Mraz","gender":"male","dob":"1931-02-27","email":"simonis.christa@example.net","phone":"+12438975792","website":"https://www.homenick.com/molestiae-amet-vitae-est-corporis-quasi-laborum-libero","address":"83909 Jaydon Knoll Apt. 888\nEast Reedshire, GA 83011","status":"active","_links":{"self":{"href":"https://gorest.co.in/public-api/users/1431"},"edit":{"href":"https://gorest.co.in/public-api/users/1431"},"avatar":{"href":"https://lorempixel.com/250/250/people/?13340"}}},{"id":"1432","first_name":"Gust","last_name":"Waelchi","gender":"male","dob":"2019-05-26","email":"jaskolski.xavier@example.com","phone":"994.809.5182","website":"https://berge.net/ducimus-exercitationem-facere-veniam-quia.html","address":"910 Aniya Wells Apt. 780\nSouth Rodolfo, CO 60878","status":"inactive","_links":{"self":{"href":"https://gorest.co.in/public-api/users/1432"},"edit":{"href":"https://gorest.co.in/public-api/users/1432"},"avatar":{"href":"https://lorempixel.com/250/250/people/?21845"}}},{"id":"1433","first_name":"Adelbert","last_name":"Welch","gender":"male","dob":"2015-01-17","email":"wilford.reinger@example.net","phone":"1-294-383-6110 x669","website":"http://kovacek.com/consequatur-voluptatem-consequatur-saepe-inventore.html","address":"21921 Sporer Drive Apt. 903\nNorth Ruthe, PA 51256","status":"inactive","_links":{"self":{"href":"https://gorest.co.in/public-api/users/1433"},"edit":{"href":"https://gorest.co.in/public-api/users/1433"},"avatar":{"href":"https://lorempixel.com/250/250/people/?87250"}}},{"id":"1434","first_name":"Gabe","last_name":"Mante","gender":"male","dob":"1944-04-30","email":"adolphus.dickinson@example.org","phone":"987.909.9653","website":"http://www.hagenes.biz/sit-cupiditate-earum-aut-eveniet-sint","address":"8637 Jermey Expressway Suite 901\nEast Elaina, OR 68107-7070","status":"inactive","_links":{"self":{"href":"https://gorest.co.in/public-api/users/1434"},"edit":{"href":"https://gorest.co.in/public-api/users/1434"},"avatar":{"href":"https://lorempixel.com/250/250/people/?24136"}}},{"id":"1435","first_name":"Marlin","last_name":"Reilly","gender":"male","dob":"2006-05-16","email":"beahan.mara@example.net","phone":"1-997-865-1995 x23858","website":"http://kris.info/enim-occaecati-dolorum-quia-id","address":"74002 Breanna Rapid Apt. 747\nSpencermouth, WI 53896","status":"active","_links":{"self":{"href":"https://gorest.co.in/public-api/users/1435"},"edit":{"href":"https://gorest.co.in/public-api/users/1435"},"avatar":{"href":"https://lorempixel.com/250/250/people/?25988"}}},{"id":"1436","first_name":"Elza","last_name":"Schuppe","gender":"female","dob":"1990-05-04","email":"ebert.kayden@example.net","phone":"(483) 784-3608","website":"http://www.johns.com/soluta-earum-consequuntur-quidem-ab-quos","address":"63463 Smitham Hills\nWest Mara, AZ 54616-1853","status":"inactive","_links":{"self":{"href":"https://gorest.co.in/public-api/users/1436"},"edit":{"href":"https://gorest.co.in/public-api/users/1436"},"avatar":{"href":"https://lorempixel.com/250/250/people/?98915"}}},{"id":"1437","first_name":"Lucius","last_name":"Crist","gender":"male","dob":"1968-04-25","email":"brekke.charity@example.org","phone":"(237) 402-7677","website":"http://www.veum.info/","address":"69038 Torphy Crossroad\nYvonnemouth, ID 36670","status":"inactive","_links":{"self":{"href":"https://gorest.co.in/public-api/users/1437"},"edit":{"href":"https://gorest.co.in/public-api/users/1437"},"avatar":{"href":"https://lorempixel.com/250/250/people/?58696"}}},{"id":"1438","first_name":"Destini","last_name":"Considine","gender":"female","dob":"1954-09-02","email":"branson91@example.com","phone":"991.416.9564 x94020","website":"http://www.goyette.com/id-alias-assumenda-nisi-occaecati.html","address":"142 Roslyn Burg\nDerrickfurt, MA 42874-0452","status":"active","_links":{"self":{"href":"https://gorest.co.in/public-api/users/1438"},"edit":{"href":"https://gorest.co.in/public-api/users/1438"},"avatar":{"href":"https://lorempixel.com/250/250/people/?35087"}}},{"id":"1439","first_name":"Taryn","last_name":"Hodkiewicz","gender":"female","dob":"1978-09-04","email":"justice.mraz@example.com","phone":"225-345-1850","website":"http://hand.com/harum-nemo-consequatur-esse-in-qui-consequatur.html","address":"12329 Belle Mill Suite 324\nNew Kaela, HI 41314-5694","status":"active","_links":{"self":{"href":"https://gorest.co.in/public-api/users/1439"},"edit":{"href":"https://gorest.co.in/public-api/users/1439"},"avatar":{"href":"https://lorempixel.com/250/250/people/?77205"}}},{"id":"1440","first_name":"Caesar","last_name":"Gutkowski","gender":"male","dob":"1932-01-09","email":"birdie70@example.org","phone":"801.466.0491","website":"http://ankunding.com/sed-qui-temporibus-dolorem-voluptas","address":"374 Borer Meadow\nEast Joannestad, CA 08026","status":"active","_links":{"self":{"href":"https://gorest.co.in/public-api/users/1440"},"edit":{"href":"https://gorest.co.in/public-api/users/1440"},"avatar":{"href":"https://lorempixel.com/250/250/people/?91707"}}},{"id":"1441","first_name":"Layla","last_name":"Hane","gender":"female","dob":"1939-08-17","email":"eduardo01@example.net","phone":"1-248-936-4075 x533","website":"http://www.mccullough.com/id-voluptas-et-quia-harum","address":"168 Esteban Lane Apt. 933\nGrimesside, WY 70654","status":"active","_links":{"self":{"href":"https://gorest.co.in/public-api/users/1441"},"edit":{"href":"https://gorest.co.in/public-api/users/1441"},"avatar":{"href":"https://lorempixel.com/250/250/people/?46464"}}},{"id":"1442","first_name":"Deon","last_name":"Marvin","gender":"male","dob":"1992-11-20","email":"nwolff@example.com","phone":"592.753.2093 x79151","website":"http://www.wyman.info/","address":"57283 Uriel Ports Apt. 374\nDouglasview, DC 21132","status":"inactive","_links":{"self":{"href":"https://gorest.co.in/public-api/users/1442"},"edit":{"href":"https://gorest.co.in/public-api/users/1442"},"avatar":{"href":"https://lorempixel.com/250/250/people/?67534"}}}]}

09:09:55.909 [ForkJoinPool-1-worker-11] DEBUG com.intuit.karate - response time in milliseconds: 1212.39
1 < 200
1 < Connection: keep-alive
1 < Content-Type: application/json; charset=UTF-8
1 < Date: Wed, 20 May 2020 03:39:55 GMT
1 < Server: nginx
1 < Set-Cookie: _csrf=f520e519975535beb18e7f50ba28f2c7d51e18af8d2a453a234d401a91cfdc77a%3A2%3A%7Bi%3A0%3Bs%3A5%3A%22_csrf%22%3Bi%3A1%3Bs%3A32%3A%22O8KU20Ag1oQ94o1vrmePpaJl6wpA8HXG%22%3B%7D; path=/; HttpOnly
1 < Transfer-Encoding: chunked
1 < Vary: [Accept-Encoding, Accept]
1 < X-Frame-Options: sameorigin
1 < X-Rate-Limit-Limit: 30
1 < X-Rate-Limit-Remaining: 26
1 < X-Rate-Limit-Reset: 8
{"_meta":{"success":false,"code":422,"message":"Data validation failed. Please check the response body for detailed error messages.","rateLimit":{"limit":30,"remaining":26,"reset":8}},"result":[{"field":"email","message":"Email \"cv1@c.com\" has already been taken."}]}

09:09:55.927 [ForkJoinPool-1-worker-11] ERROR com.intuit.karate - assertion failed: path: $._meta.message, actual: 'Data validation failed. Please check the response body for detailed error messages.', expected: 'OK. Everything worked as expected.', reason: not a sub-string
09:09:55.931 [ForkJoinPool-1-worker-11] ERROR com.intuit.karate - feature call failed: classpath:examples/users/usersnew.feature
arg: null
usersnew.feature:22 - path: $._meta.message, actual: 'Data validation failed. Please check the response body for detailed error messages.', expected: 'OK. Everything worked as expected.', reason: not a sub-string
09:09:55.949 [ForkJoinPool-1-worker-13] DEBUG com.intuit.karate - response time in milliseconds: 1252.00
1 < 302
1 < Connection: keep-alive
1 < Content-Type: application/json; charset=UTF-8
1 < Date: Wed, 20 May 2020 03:39:55 GMT
1 < Location: https://gorest.co.in/public-api/users/25389
1 < Server: nginx
1 < Set-Cookie: _csrf=e300a8c5672dcaad69641a6ef5f9ed5e0e40d58b98c1d33e3d548220f14580dca%3A2%3A%7Bi%3A0%3Bs%3A5%3A%22_csrf%22%3Bi%3A1%3Bs%3A32%3A%22EWleAB7NnLp_PGSvKhWSeaK6-F7UvsyX%22%3B%7D; path=/; HttpOnly
1 < Transfer-Encoding: chunked
1 < Vary: Accept
1 < X-Frame-Options: sameorigin
1 < X-Rate-Limit-Limit: 30
1 < X-Rate-Limit-Remaining: 25
1 < X-Rate-Limit-Reset: 10
{"_meta":{"success":true,"code":201,"message":"A resource was successfully created in response to a POST request. The Location header contains the URL pointing to the newly created resource.","rateLimit":{"limit":30,"remaining":25,"reset":10}},"result":{"id":"25389","first_name":"nany1","last_name":"jacob","gender":"male","dob":null,"email":"cv2@c.com","phone":null,"website":null,"address":null,"status":null,"_links":{"self":{"href":"https://gorest.co.in/public-api/users/25389"},"edit":{"href":"https://gorest.co.in/public-api/users/25389"},"avatar":{"href":null}}}}

09:09:55.955 [ForkJoinPool-1-worker-10] INFO  com.intuit.karate - [print] The given page 0 is a valid page
09:09:55.955 [ForkJoinPool-1-worker-13] DEBUG com.intuit.karate - request:
2 > GET https://gorest.co.in/public-api/users/create.html
2 > Accept-Encoding: gzip,deflate
2 > Authorization: Bearer SgAL3dv2sLpkUMR_MSKFvn2RkViDLx12MxMN
2 > Connection: Keep-Alive
2 > Content-Type: application/json; charset=UTF-8
2 > Cookie: _csrf=e300a8c5672dcaad69641a6ef5f9ed5e0e40d58b98c1d33e3d548220f14580dca%3A2%3A%7Bi%3A0%3Bs%3A5%3A%22_csrf%22%3Bi%3A1%3Bs%3A32%3A%22EWleAB7NnLp_PGSvKhWSeaK6-F7UvsyX%22%3B%7D
2 > Host: gorest.co.in
2 > User-Agent: Apache-HttpClient/4.5.11 (Java/1.8.0_241)

09:09:55.955 [ForkJoinPool-1-worker-1] INFO  com.intuit.karate - [print] The given page 1 is a valid page
09:09:55.964 [ForkJoinPool-1-worker-9] INFO  com.intuit.karate - [print] The given page110 is not available, so listing the last page number  : 106
09:09:55.974 [ForkJoinPool-1-worker-9] INFO  com.intuit.karate - [print] Total No of user records in  106 page is  12
09:09:55.974 [ForkJoinPool-1-worker-10] INFO  com.intuit.karate - [print] Total No of user records in  1 page is  20
09:09:55.974 [ForkJoinPool-1-worker-1] INFO  com.intuit.karate - [print] Total No of user records in  1 page is  20
09:09:55.984 [ForkJoinPool-1-worker-4] DEBUG com.intuit.karate - response time in milliseconds: 1287.79
1 < 200
1 < Connection: keep-alive
1 < Content-Type: application/json; charset=UTF-8
1 < Date: Wed, 20 May 2020 03:39:55 GMT
1 < Server: nginx
1 < Set-Cookie: _csrf=865d0a03e86e79dfc9f36190c3705208213186ec51d583af18aea35c0dc8e1fea%3A2%3A%7Bi%3A0%3Bs%3A5%3A%22_csrf%22%3Bi%3A1%3Bs%3A32%3A%22ElILs26JM0oVkifE-9aoANnMiTUxX80r%22%3B%7D; path=/; HttpOnly
1 < Transfer-Encoding: chunked
1 < Vary: [Accept-Encoding, Accept]
1 < X-Frame-Options: sameorigin
1 < X-Rate-Limit-Limit: 30
1 < X-Rate-Limit-Remaining: 24
1 < X-Rate-Limit-Reset: 12
{"_meta":{"success":false,"code":422,"message":"Data validation failed. Please check the response body for detailed error messages.","rateLimit":{"limit":30,"remaining":24,"reset":12}},"result":[{"field":"email","message":"Email \"cv1@c.com\" has already been taken."}]}

09:09:55.985 [ForkJoinPool-1-worker-4] ERROR com.intuit.karate - assertion failed: path: $._meta.message, actual: 'Data validation failed. Please check the response body for detailed error messages.', expected: 'OK. Everything worked as expected.', reason: not a sub-string
09:09:55.986 [ForkJoinPool-1-worker-4] ERROR com.intuit.karate - feature call failed: classpath:examples/users/usersnew.feature
arg: null
usersnew.feature:22 - path: $._meta.message, actual: 'Data validation failed. Please check the response body for detailed error messages.', expected: 'OK. Everything worked as expected.', reason: not a sub-string
09:09:56.023 [pool-1-thread-3] INFO  com.intuit.karate.Runner - <<fail>> feature 3 of 7: classpath:examples/users/usersdelete.feature
09:09:56.023 [pool-1-thread-6] INFO  com.intuit.karate.Runner - <<fail>> feature 6 of 7: classpath:examples/users/usersupdate.feature
---------------------------------------------------------
feature: classpath:examples/users/usersupdate.feature
report: target\surefire-reports\examples.users.usersupdate.json
scenarios:  1 | passed:  0 | failed:  1 | time: 1.7992
---------------------------------------------------------
---------------------------------------------------------
feature: classpath:examples/users/usersdelete.feature
report: target\surefire-reports\examples.users.usersdelete.json
scenarios:  1 | passed:  0 | failed:  1 | time: 1.7437
---------------------------------------------------------
09:09:56.031 [ForkJoinPool-1-worker-8] DEBUG com.intuit.karate - response time in milliseconds: 1335.89
1 < 200
1 < Connection: keep-alive
1 < Content-Type: application/json; charset=UTF-8
1 < Date: Wed, 20 May 2020 03:39:55 GMT
1 < Link: <https://gorest.co.in/public-api/users?page=15>; rel=self, <https://gorest.co.in/public-api/users?page=1>; rel=first, <https://gorest.co.in/public-api/users?page=14>; rel=prev, <https://gorest.co.in/public-api/users?page=16>; rel=next, <https://gorest.co.in/public-api/users?page=106>; rel=last
1 < Server: nginx
1 < Set-Cookie: _csrf=cb6447d40ca1a676566855df20202f5d58c4c1260daf8e4739a2d303bc0df5bba%3A2%3A%7Bi%3A0%3Bs%3A5%3A%22_csrf%22%3Bi%3A1%3Bs%3A32%3A%22KO06OJD79hp4oVJLmNHLik7P2UoRhmyS%22%3B%7D; path=/; HttpOnly
1 < Transfer-Encoding: chunked
1 < Vary: [Accept-Encoding, Accept]
1 < X-Frame-Options: sameorigin
1 < X-Pagination-Current-Page: 15
1 < X-Pagination-Page-Count: 106
1 < X-Pagination-Per-Page: 20
1 < X-Pagination-Total-Count: 2113
1 < X-Rate-Limit-Limit: 30
1 < X-Rate-Limit-Remaining: 23
1 < X-Rate-Limit-Reset: 14
{"_meta":{"success":true,"code":200,"message":"OK. Everything worked as expected.","totalCount":2113,"pageCount":106,"currentPage":15,"perPage":20,"rateLimit":{"limit":30,"remaining":23,"reset":14}},"result":[{"id":"1734","first_name":"Brendan Dixon","last_name":"Channing Ramirez","gender":"male","dob":"1970-01-01","email":"jacob.larsen@hotmail.edu","phone":"728-335-7048","website":"http://www.volkman.org/illum-vel-sint-tempore-sunt","address":"5028 Arlo Key\nLake Kale, NH 14974-9991","status":"active","_links":{"self":{"href":"https://gorest.co.in/public-api/users/1734"},"edit":{"href":"https://gorest.co.in/public-api/users/1734"},"avatar":{"href":"https://lorempixel.com/250/250/people/?83748"}}},{"id":"1735","first_name":"Dustin","last_name":"Heathcote","gender":"male","dob":"1992-05-04","email":"jessica.herman@example.net","phone":"+1-353-970-2865","website":"http://www.toy.com/asperiores-suscipit-aut-ipsum-explicabo","address":"99997 Clay Court Apt. 529\nLarsonside, CT 27756-2879","status":"inactive","_links":{"self":{"href":"https://gorest.co.in/public-api/users/1735"},"edit":{"href":"https://gorest.co.in/public-api/users/1735"},"avatar":{"href":"https://lorempixel.com/250/250/people/?38487"}}},{"id":"1736","first_name":"Stephany","last_name":"Gerhold","gender":"female","dob":"2003-11-16","email":"blanca57@example.org","phone":"+1.484.970.8602","website":"http://www.streich.com/est-occaecati-modi-sunt-impedit-ea-totam-eum-provident.html","address":"4382 Raynor Courts\nFerrychester, UT 89248","status":"active","_links":{"self":{"href":"https://gorest.co.in/public-api/users/1736"},"edit":{"href":"https://gorest.co.in/public-api/users/1736"},"avatar":{"href":"https://lorempixel.com/250/250/people/?51239"}}},{"id":"1737","first_name":"Aliya","last_name":"Swaniawski","gender":"female","dob":"1926-01-17","email":"schumm.jimmie@example.org","phone":"(632) 531-2896 x4185","website":"http://yundt.com/","address":"66422 Gibson Lights\nHesselburgh, KY 32055","status":"active","_links":{"self":{"href":"https://gorest.co.in/public-api/users/1737"},"edit":{"href":"https://gorest.co.in/public-api/users/1737"},"avatar":{"href":"https://lorempixel.com/250/250/people/?29062"}}},{"id":"1738","first_name":"Arch","last_name":"Mills","gender":"male","dob":"1971-12-20","email":"nrippin@example.net","phone":"763-605-7694 x28806","website":"http://conn.com/ut-libero-rem-et-doloremque-et-incidunt-dolorem","address":"253 Muller Street\nNew Kayaton, SD 95188-4867","status":"active","_links":{"self":{"href":"https://gorest.co.in/public-api/users/1738"},"edit":{"href":"https://gorest.co.in/public-api/users/1738"},"avatar":{"href":"https://lorempixel.com/250/250/people/?86626"}}},{"id":"1739","first_name":"Melba","last_name":"Monahan","gender":"female","dob":"2007-01-22","email":"javonte05@example.com","phone":"365-689-6652","website":"http://hane.com/","address":"99139 Bartoletti Run\nNew Ginoside, IA 91475","status":"active","_links":{"self":{"href":"https://gorest.co.in/public-api/users/1739"},"edit":{"href":"https://gorest.co.in/public-api/users/1739"},"avatar":{"href":"https://lorempixel.com/250/250/people/?60724"}}},{"id":"1740","first_name":"Leanna","last_name":"Runte","gender":"female","dob":"1924-08-31","email":"sid26@example.net","phone":"325.200.4970 x437","website":"https://conn.com/dolores-amet-iure-repudiandae-consequuntur.html","address":"2920 Nicole Highway Apt. 571\nWest Regan, CT 87183-3338","status":"inactive","_links":{"self":{"href":"https://gorest.co.in/public-api/users/1740"},"edit":{"href":"https://gorest.co.in/public-api/users/1740"},"avatar":{"href":"https://lorempixel.com/250/250/people/?83325"}}},{"id":"1741","first_name":"Janis","last_name":"Fadel","gender":"female","dob":"1982-09-23","email":"roberto39@example.org","phone":"+1.953.740.6881","website":"http://russel.org/nihil-impedit-vel-possimus-qui-sint-repellat-fuga","address":"24273 Pfannerstill Pines Suite 524\nBlanchefurt, IN 29128","status":"inactive","_links":{"self":{"href":"https://gorest.co.in/public-api/users/1741"},"edit":{"href":"https://gorest.co.in/public-api/users/1741"},"avatar":{"href":"https://lorempixel.com/250/250/people/?37642"}}},{"id":"1742","first_name":"Harold","last_name":"Kunde","gender":"male","dob":"2016-04-05","email":"constance46@example.org","phone":"+13033857789","website":"http://quitzon.info/et-quaerat-quisquam-sapiente-repellendus.html","address":"60053 Krajcik Ferry Suite 108\nAlanaport, MN 16011","status":"inactive","_links":{"self":{"href":"https://gorest.co.in/public-api/users/1742"},"edit":{"href":"https://gorest.co.in/public-api/users/1742"},"avatar":{"href":"https://lorempixel.com/250/250/people/?77891"}}},{"id":"1743","first_name":"Lela","last_name":"Howell","gender":"female","dob":"1957-05-10","email":"ntorp@example.org","phone":"+1 (617) 263-5180","website":"http://www.herman.net/temporibus-repellendus-soluta-vel","address":"875 Smitham Branch\nWest Hudson, MN 56124-4736","status":"inactive","_links":{"self":{"href":"https://gorest.co.in/public-api/users/1743"},"edit":{"href":"https://gorest.co.in/public-api/users/1743"},"avatar":{"href":"https://lorempixel.com/250/250/people/?61157"}}},{"id":"1744","first_name":"Heber","last_name":"Schultz","gender":"male","dob":"1967-05-06","email":"mraz.loraine@example.org","phone":"+1.605.225.7305","website":"http://www.doyle.com/sapiente-autem-quam-et-dolorum-magnam-voluptate-quo","address":"98198 Quitzon Coves Suite 249\nEast Harveyfurt, AK 52733","status":"active","_links":{"self":{"href":"https://gorest.co.in/public-api/users/1744"},"edit":{"href":"https://gorest.co.in/public-api/users/1744"},"avatar":{"href":"https://lorempixel.com/250/250/people/?77261"}}},{"id":"1745","first_name":"Deron","last_name":"Legros","gender":"male","dob":"1979-06-10","email":"wwindler@example.com","phone":"(512) 561-4773","website":"http://deckow.com/sapiente-eveniet-dolorum-iusto-hic-aut-consequuntur-odit-ea","address":"8473 Franecki Trace Apt. 777\nLillianburgh, MO 03585","status":"inactive","_links":{"self":{"href":"https://gorest.co.in/public-api/users/1745"},"edit":{"href":"https://gorest.co.in/public-api/users/1745"},"avatar":{"href":"https://lorempixel.com/250/250/people/?11066"}}},{"id":"1746","first_name":"Audra","last_name":"Doyle","gender":"female","dob":"1932-10-28","email":"aditya75@example.org","phone":"(898) 628-0114","website":"http://www.wintheiser.org/fugiat-itaque-aperiam-eum-ut-fugit","address":"3596 Emerald Court\nRickeyberg, NE 35820-2293","status":"inactive","_links":{"self":{"href":"https://gorest.co.in/public-api/users/1746"},"edit":{"href":"https://gorest.co.in/public-api/users/1746"},"avatar":{"href":"https://lorempixel.com/250/250/people/?11481"}}},{"id":"1747","first_name":"Retta","last_name":"Hodkiewicz","gender":"female","dob":"1924-08-24","email":"julie32@example.com","phone":"1-372-789-9298","website":"https://barton.biz/beatae-eum-quibusdam-non-consequuntur.html","address":"8448 Stanton Summit Apt. 542\nGildashire, NE 16652-3961","status":"active","_links":{"self":{"href":"https://gorest.co.in/public-api/users/1747"},"edit":{"href":"https://gorest.co.in/public-api/users/1747"},"avatar":{"href":"https://lorempixel.com/250/250/people/?79621"}}},{"id":"1748","first_name":"Amy","last_name":"Haley","gender":"female","dob":"1943-11-24","email":"delores49@example.org","phone":"645-379-0141","website":"http://pfannerstill.com/sint-est-qui-aut-voluptatem-qui","address":"2578 Monahan Lights Suite 906\nHesselburgh, CT 44396-7151","status":"inactive","_links":{"self":{"href":"https://gorest.co.in/public-api/users/1748"},"edit":{"href":"https://gorest.co.in/public-api/users/1748"},"avatar":{"href":"https://lorempixel.com/250/250/people/?64917"}}},{"id":"1749","first_name":"Joshuah","last_name":"Hudson","gender":"male","dob":"1965-03-03","email":"eleanora48@example.com","phone":"1-823-694-9002","website":"https://www.larson.com/numquam-et-hic-quae-in-quia","address":"549 Strosin Fall Apt. 349\nPort Murphyland, AR 93210-4578","status":"active","_links":{"self":{"href":"https://gorest.co.in/public-api/users/1749"},"edit":{"href":"https://gorest.co.in/public-api/users/1749"},"avatar":{"href":"https://lorempixel.com/250/250/people/?22217"}}},{"id":"1750","first_name":"Halie","last_name":"Tillman","gender":"female","dob":"1965-06-09","email":"trinity.funk@example.com","phone":"+1 (248) 520-5917","website":"https://www.rippin.com/eaque-doloremque-eum-doloremque-deserunt","address":"8005 Pink Hill Apt. 569\nNew Athenaton, NY 29362-1137","status":"inactive","_links":{"self":{"href":"https://gorest.co.in/public-api/users/1750"},"edit":{"href":"https://gorest.co.in/public-api/users/1750"},"avatar":{"href":"https://lorempixel.com/250/250/people/?17942"}}},{"id":"1751","first_name":"Robbie","last_name":"Ullrich","gender":"male","dob":"1963-06-01","email":"donavon.mitchell@example.com","phone":"(501) 659-6880","website":"http://www.cummings.com/aliquid-laborum-velit-ea-rerum-dicta-deleniti","address":"21022 Cronin Unions Suite 572\nEast Idella, WA 26863-3611","status":"inactive","_links":{"self":{"href":"https://gorest.co.in/public-api/users/1751"},"edit":{"href":"https://gorest.co.in/public-api/users/1751"},"avatar":{"href":"https://lorempixel.com/250/250/people/?13592"}}},{"id":"1752","first_name":"Isabelle","last_name":"Davis","gender":"female","dob":"1964-02-25","email":"marvin.ella@example.com","phone":"1-746-541-9872 x165","website":"http://www.rolfson.com/repudiandae-sunt-minus-tempore.html","address":"1802 Green Tunnel\nLake Phyllis, MO 17002-5014","status":"inactive","_links":{"self":{"href":"https://gorest.co.in/public-api/users/1752"},"edit":{"href":"https://gorest.co.in/public-api/users/1752"},"avatar":{"href":"https://lorempixel.com/250/250/people/?65392"}}},{"id":"1753","first_name":"Helen","last_name":"Koepp","gender":"female","dob":"1958-05-20","email":"wkirlin@example.org","phone":"(691) 506-1749","website":"http://www.oreilly.com/qui-officiis-animi-soluta-molestiae-quisquam.html","address":"9131 Cruickshank Circle\nAlejandraburgh, NE 02564","status":"inactive","_links":{"self":{"href":"https://gorest.co.in/public-api/users/1753"},"edit":{"href":"https://gorest.co.in/public-api/users/1753"},"avatar":{"href":"https://lorempixel.com/250/250/people/?67784"}}}]}

09:09:56.036 [ForkJoinPool-1-worker-8] INFO  com.intuit.karate - [print] The given page 15 is a valid page
09:09:56.039 [ForkJoinPool-1-worker-8] INFO  com.intuit.karate - [print] Total No of user records in  15 page is  20
09:09:56.067 [ForkJoinPool-1-worker-15] DEBUG com.intuit.karate - response time in milliseconds: 1372.71
1 < 200
1 < Connection: keep-alive
1 < Content-Type: application/json; charset=UTF-8
1 < Date: Wed, 20 May 2020 03:39:55 GMT
1 < Link: <https://gorest.co.in/public-api/users?page=106>; rel=self, <https://gorest.co.in/public-api/users?page=1>; rel=first, <https://gorest.co.in/public-api/users?page=105>; rel=prev
1 < Server: nginx
1 < Set-Cookie: _csrf=2051b4657024217a926109d5bc2ba1c84e42fce77cbafa45c16922d5b01eac17a%3A2%3A%7Bi%3A0%3Bs%3A5%3A%22_csrf%22%3Bi%3A1%3Bs%3A32%3A%22hsewA9iC4lzLuz1FXVkJgb7-InLXc5MU%22%3B%7D; path=/; HttpOnly
1 < Transfer-Encoding: chunked
1 < Vary: [Accept-Encoding, Accept]
1 < X-Frame-Options: sameorigin
1 < X-Pagination-Current-Page: 106
1 < X-Pagination-Page-Count: 106
1 < X-Pagination-Per-Page: 20
1 < X-Pagination-Total-Count: 2113
1 < X-Rate-Limit-Limit: 30
1 < X-Rate-Limit-Remaining: 22
1 < X-Rate-Limit-Reset: 16
{"_meta":{"success":true,"code":200,"message":"OK. Everything worked as expected.","totalCount":2113,"pageCount":106,"currentPage":106,"perPage":20,"rateLimit":{"limit":30,"remaining":22,"reset":16}},"result":[{"id":"23476","first_name":"Julian","last_name":"Hartmann","gender":"male","dob":"1996-05-09","email":"vroberts@example.com","phone":"+1-819-907-1570","website":"http://heaney.com/ut-deleniti-quas-architecto-facere.html","address":"24738 Kassulke Points Suite 107\nArnoldton, AL 69983-5323","status":"inactive","_links":{"self":{"href":"https://gorest.co.in/public-api/users/23476"},"edit":{"href":"https://gorest.co.in/public-api/users/23476"},"avatar":{"href":"https://lorempixel.com/250/250/people/?19383"}}},{"id":"23477","first_name":"Hadley","last_name":"Jerde","gender":"male","dob":"1979-12-10","email":"josefina83@example.com","phone":"908-619-4712 x897","website":"http://www.hermann.org/","address":"14202 Walter Spring\nWest Williemouth, AR 99546-7589","status":"active","_links":{"self":{"href":"https://gorest.co.in/public-api/users/23477"},"edit":{"href":"https://gorest.co.in/public-api/users/23477"},"avatar":{"href":"https://lorempixel.com/250/250/people/?15818"}}},{"id":"23478","first_name":"Joshuah","last_name":"Collier","gender":"male","dob":"1950-09-09","email":"kuhic.trisha@example.org","phone":"+1 (710) 949-2837","website":"http://www.kertzmann.org/odit-quibusdam-aut-dolorum-qui-labore-eaque-assumenda","address":"43070 Dillon Valleys Apt. 665\nAbernathyfort, MD 69493","status":"active","_links":{"self":{"href":"https://gorest.co.in/public-api/users/23478"},"edit":{"href":"https://gorest.co.in/public-api/users/23478"},"avatar":{"href":"https://lorempixel.com/250/250/people/?28841"}}},{"id":"23479","first_name":"Florine","last_name":"Ritchie","gender":"female","dob":"1959-03-02","email":"hilton.zboncak@example.net","phone":"869.998.1917","website":"http://schaden.com/aut-culpa-hic-reprehenderit-quia","address":"99986 Huels Square\nLake Selina, PA 15860-6782","status":"active","_links":{"self":{"href":"https://gorest.co.in/public-api/users/23479"},"edit":{"href":"https://gorest.co.in/public-api/users/23479"},"avatar":{"href":"https://lorempixel.com/250/250/people/?34280"}}},{"id":"23480","first_name":"Solon","last_name":"Gulgowski","gender":"male","dob":"1958-08-13","email":"tia.jakubowski@example.com","phone":"1-658-284-0928 x5798","website":"http://www.hackett.com/sed-qui-eum-veniam-enim-est-dicta-sunt.html","address":"73874 Geoffrey Pike Suite 248\nMontanachester, VT 11714-3419","status":"inactive","_links":{"self":{"href":"https://gorest.co.in/public-api/users/23480"},"edit":{"href":"https://gorest.co.in/public-api/users/23480"},"avatar":{"href":"https://lorempixel.com/250/250/people/?30625"}}},{"id":"23484","first_name":"Elouise","last_name":"VonRueden","gender":"female","dob":"1932-04-24","email":"akautzer@example.org","phone":"1-901-810-5529","website":"http://www.swift.com/a-dolor-eos-incidunt-enim","address":"201 Weimann Valleys Suite 293\nBarrowstown, AL 15003-2062","status":"active","_links":{"self":{"href":"https://gorest.co.in/public-api/users/23484"},"edit":{"href":"https://gorest.co.in/public-api/users/23484"},"avatar":{"href":"https://lorempixel.com/250/250/people/?78875"}}},{"id":"23485","first_name":"Percival","last_name":"Funk","gender":"male","dob":"1928-02-13","email":"fprohaska@example.com","phone":"1-630-364-5632 x2420","website":"http://www.tillman.org/ipsum-quibusdam-quis-similique-vero-voluptatem-in-et-nulla.html","address":"800 Franco Prairie\nNew Horacemouth, AZ 61577-3745","status":"active","_links":{"self":{"href":"https://gorest.co.in/public-api/users/23485"},"edit":{"href":"https://gorest.co.in/public-api/users/23485"},"avatar":{"href":"https://lorempixel.com/250/250/people/?38860"}}},{"id":"23487","first_name":"Brooke","last_name":"Goyette","gender":"female","dob":"1985-09-13","email":"crawford20@example.org","phone":"(347) 549-0891","website":"https://erdman.com/minus-ea-eaque-expedita-perferendis.html","address":"4268 Kris View Suite 160\nLake Juvenal, RI 45504","status":"active","_links":{"self":{"href":"https://gorest.co.in/public-api/users/23487"},"edit":{"href":"https://gorest.co.in/public-api/users/23487"},"avatar":{"href":"https://lorempixel.com/250/250/people/?19382"}}},{"id":"23489","first_name":"Ottilie","last_name":"Gibson","gender":"female","dob":"1924-09-16","email":"gibson.abner@example.net","phone":"516.407.9153","website":"http://stokes.org/sit-maxime-officiis-voluptatem-maiores-expedita-qui","address":"754 Elnora Forges Apt. 462\nReubenmouth, SC 76429-0733","status":"inactive","_links":{"self":{"href":"https://gorest.co.in/public-api/users/23489"},"edit":{"href":"https://gorest.co.in/public-api/users/23489"},"avatar":{"href":"https://lorempixel.com/250/250/people/?42695"}}},{"id":"23490","first_name":"Karli","last_name":"Kemmer","gender":"female","dob":"1940-10-23","email":"paucek.jacinthe@example.net","phone":"(764) 704-8315","website":"http://johnston.com/est-non-laboriosam-praesentium-deleniti-nisi-at-blanditiis","address":"249 Breitenberg Mountain\nNew Katlynn, ND 07217","status":"inactive","_links":{"self":{"href":"https://gorest.co.in/public-api/users/23490"},"edit":{"href":"https://gorest.co.in/public-api/users/23490"},"avatar":{"href":"https://lorempixel.com/250/250/people/?58362"}}},{"id":"23491","first_name":"Charlene","last_name":"Daniel","gender":"female","dob":"1947-07-04","email":"evie40@example.org","phone":"523.334.6753 x15176","website":"http://www.runolfsson.org/at-excepturi-et-at-officiis","address":"70098 Hilpert Mission\nFeeneystad, NV 83931-0774","status":"inactive","_links":{"self":{"href":"https://gorest.co.in/public-api/users/23491"},"edit":{"href":"https://gorest.co.in/public-api/users/23491"},"avatar":{"href":"https://lorempixel.com/250/250/people/?61984"}}},{"id":"25387","first_name":"nany1","last_name":"jacob","gender":"male","dob":null,"email":"cv1@c.com","phone":null,"website":null,"address":null,"status":null,"_links":{"self":{"href":"https://gorest.co.in/public-api/users/25387"},"edit":{"href":"https://gorest.co.in/public-api/users/25387"},"avatar":{"href":null}}},{"id":"25389","first_name":"nany1","last_name":"jacob","gender":"male","dob":null,"email":"cv2@c.com","phone":null,"website":null,"address":null,"status":null,"_links":{"self":{"href":"https://gorest.co.in/public-api/users/25389"},"edit":{"href":"https://gorest.co.in/public-api/users/25389"},"avatar":{"href":null}}}]}

09:09:56.073 [ForkJoinPool-1-worker-15] INFO  com.intuit.karate - [print] The given page109 is not available, so listing the last page number  : 106
09:09:56.076 [ForkJoinPool-1-worker-15] INFO  com.intuit.karate - [print] Total No of user records in  106 page is  13
09:09:56.090 [pool-1-thread-4] INFO  com.intuit.karate.Runner - <<pass>> feature 4 of 7: classpath:examples/users/userslist.feature
---------------------------------------------------------
feature: classpath:examples/users/userslist.feature
report: target\surefire-reports\examples.users.userslist.json
scenarios:  5 | passed:  5 | failed:  0 | time: 9.0947
---------------------------------------------------------
09:09:56.115 [ForkJoinPool-1-worker-6] DEBUG com.intuit.karate - response time in milliseconds: 1418.09
1 < 302
1 < Connection: keep-alive
1 < Content-Type: application/json; charset=UTF-8
1 < Date: Wed, 20 May 2020 03:39:55 GMT
1 < Location: https://gorest.co.in/public-api/users/25390
1 < Server: nginx
1 < Set-Cookie: _csrf=f97e64110dcf8af57aa28b827ad4ad6d66b6f2775d3c61699836ded699a28a2ca%3A2%3A%7Bi%3A0%3Bs%3A5%3A%22_csrf%22%3Bi%3A1%3Bs%3A32%3A%22OANSPuo0CPu4_gR9yoeLLqVGRhVNaxm5%22%3B%7D; path=/; HttpOnly
1 < Transfer-Encoding: chunked
1 < Vary: Accept
1 < X-Frame-Options: sameorigin
1 < X-Rate-Limit-Limit: 30
1 < X-Rate-Limit-Remaining: 21
1 < X-Rate-Limit-Reset: 18
{"_meta":{"success":true,"code":201,"message":"A resource was successfully created in response to a POST request. The Location header contains the URL pointing to the newly created resource.","rateLimit":{"limit":30,"remaining":21,"reset":18}},"result":{"id":"25390","first_name":"nany2","last_name":"jacob","gender":"male","dob":"1990-11-05","email":"cv4@c.com","phone":"2312345678","website":"http://ebert.com/consequatur-dolor-repellendus-provident-magni-molestiae-facere-fuga-voluptatem","address":" hello,mTVM","status":"active","_links":{"self":{"href":"https://gorest.co.in/public-api/users/25390"},"edit":{"href":"https://gorest.co.in/public-api/users/25390"},"avatar":{"href":null}}}}

09:09:56.116 [ForkJoinPool-1-worker-6] DEBUG com.intuit.karate - request:
2 > GET https://gorest.co.in/public-api/users/create.html
2 > Accept-Encoding: gzip,deflate
2 > Authorization: Bearer SgAL3dv2sLpkUMR_MSKFvn2RkViDLx12MxMN
2 > Connection: Keep-Alive
2 > Content-Type: application/json; charset=UTF-8
2 > Cookie: _csrf=f97e64110dcf8af57aa28b827ad4ad6d66b6f2775d3c61699836ded699a28a2ca%3A2%3A%7Bi%3A0%3Bs%3A5%3A%22_csrf%22%3Bi%3A1%3Bs%3A32%3A%22OANSPuo0CPu4_gR9yoeLLqVGRhVNaxm5%22%3B%7D
2 > Host: gorest.co.in
2 > User-Agent: Apache-HttpClient/4.5.11 (Java/1.8.0_241)

09:09:56.146 [ForkJoinPool-1-worker-2] DEBUG com.intuit.karate - response time in milliseconds: 1451.25
1 < 200
1 < Connection: keep-alive
1 < Content-Type: application/json; charset=UTF-8
1 < Date: Wed, 20 May 2020 03:39:55 GMT
1 < Server: nginx
1 < Set-Cookie: _csrf=24c35a536d8275847c312dc266fc974ede8bc381d9d8972cc2564b857ea9ef13a%3A2%3A%7Bi%3A0%3Bs%3A5%3A%22_csrf%22%3Bi%3A1%3Bs%3A32%3A%22fJN93z1SzvYgk1t4eoDUJzZabtw9rT4r%22%3B%7D; path=/; HttpOnly
1 < Transfer-Encoding: chunked
1 < Vary: [Accept-Encoding, Accept]
1 < X-Frame-Options: sameorigin
1 < X-Rate-Limit-Limit: 30
1 < X-Rate-Limit-Remaining: 20
1 < X-Rate-Limit-Reset: 20
{"_meta":{"success":false,"code":422,"message":"Data validation failed. Please check the response body for detailed error messages.","rateLimit":{"limit":30,"remaining":20,"reset":20}},"result":[{"field":"email","message":"Email \"cv1@c.com\" has already been taken."}]}

09:09:56.148 [ForkJoinPool-1-worker-2] ERROR com.intuit.karate - assertion failed: path: $._meta.message, actual: 'Data validation failed. Please check the response body for detailed error messages.', expected: 'OK. Everything worked as expected.', reason: not a sub-string
09:09:56.148 [ForkJoinPool-1-worker-2] ERROR com.intuit.karate - feature call failed: classpath:examples/users/usersnew.feature
arg: null
usersnew.feature:22 - path: $._meta.message, actual: 'Data validation failed. Please check the response body for detailed error messages.', expected: 'OK. Everything worked as expected.', reason: not a sub-string
09:09:56.154 [pool-1-thread-7] INFO  com.intuit.karate.Runner - <<fail>> feature 7 of 7: classpath:examples/users/userview.feature
---------------------------------------------------------
feature: classpath:examples/users/userview.feature
report: target\surefire-reports\examples.users.userview.json
scenarios:  1 | passed:  0 | failed:  1 | time: 1.9604
---------------------------------------------------------
09:09:56.183 [ForkJoinPool-1-worker-13] DEBUG com.intuit.karate - response time in milliseconds: 227.51
2 < 200
2 < Connection: keep-alive
2 < Content-Type: application/json; charset=UTF-8
2 < Date: Wed, 20 May 2020 03:39:55 GMT
2 < Server: nginx
2 < Set-Cookie: _csrf=854c96cd1b6b6313fe6856656a3d592ed07a530c594dd6e04c7eccca5a8b5765a%3A2%3A%7Bi%3A0%3Bs%3A5%3A%22_csrf%22%3Bi%3A1%3Bs%3A32%3A%22x7VokONC0Sa_wRUdJu8dxTIxpX-Zmxrs%22%3B%7D; path=/; HttpOnly
2 < Transfer-Encoding: chunked
2 < Vary: [Accept-Encoding, Accept]
2 < X-Frame-Options: sameorigin
2 < X-Rate-Limit-Limit: 30
2 < X-Rate-Limit-Remaining: 19
2 < X-Rate-Limit-Reset: 22
{"_meta":{"success":true,"code":200,"message":"OK. Everything worked as expected.","rateLimit":{"limit":30,"remaining":19,"reset":22}},"result":{"id":"25389","first_name":"nany1","last_name":"jacob","gender":"male","dob":null,"email":"cv2@c.com","phone":null,"website":null,"address":null,"status":null,"_links":{"self":{"href":"https://gorest.co.in/public-api/users/25389"},"edit":{"href":"https://gorest.co.in/public-api/users/25389"},"avatar":{"href":null}}}}

09:09:56.190 [ForkJoinPool-1-worker-13] INFO  com.intuit.karate - {
  "result": {
    "website": null,
    "address": null,
    "gender": "male",
    "phone": null,
    "_links": {
      "edit": {
        "href": "https://gorest.co.in/public-api/users/25389"
      },
      "self": {
        "href": "https://gorest.co.in/public-api/users/25389"
      },
      "avatar": {
        "href": null
      }
    },
    "dob": null,
    "last_name": "jacob",
    "id": "25389",
    "first_name": "nany1",
    "email": "cv2@c.com",
    "status": null
  },
  "_meta": {
    "code": 200,
    "rateLimit": {
      "limit": 30,
      "reset": 22,
      "remaining": 19
    },
    "success": true,
    "message": "OK. Everything worked as expected."
  }
}
 
09:09:56.794 [ForkJoinPool-1-worker-6] DEBUG com.intuit.karate - response time in milliseconds: 677.05
2 < 200
2 < Connection: keep-alive
2 < Content-Type: application/json; charset=UTF-8
2 < Date: Wed, 20 May 2020 03:39:55 GMT
2 < Server: nginx
2 < Set-Cookie: _csrf=2aa7384137e95a5e9a91900510655c98df7bc5327ba36896cf898aa41f3c0813a%3A2%3A%7Bi%3A0%3Bs%3A5%3A%22_csrf%22%3Bi%3A1%3Bs%3A32%3A%22hmPFhT_Ua6sdtEQQrrQoWonqigE6eQCh%22%3B%7D; path=/; HttpOnly
2 < Transfer-Encoding: chunked
2 < Vary: [Accept-Encoding, Accept]
2 < X-Frame-Options: sameorigin
2 < X-Rate-Limit-Limit: 30
2 < X-Rate-Limit-Remaining: 18
2 < X-Rate-Limit-Reset: 24
{"_meta":{"success":true,"code":200,"message":"OK. Everything worked as expected.","rateLimit":{"limit":30,"remaining":18,"reset":24}},"result":{"id":"25390","first_name":"nany2","last_name":"jacob","gender":"male","dob":"1990-11-05","email":"cv4@c.com","phone":"2312345678","website":"http://ebert.com/consequatur-dolor-repellendus-provident-magni-molestiae-facere-fuga-voluptatem","address":" hello,mTVM","status":"active","_links":{"self":{"href":"https://gorest.co.in/public-api/users/25390"},"edit":{"href":"https://gorest.co.in/public-api/users/25390"},"avatar":{"href":null}}}}

09:09:56.795 [ForkJoinPool-1-worker-6] INFO  com.intuit.karate - {
  "result": {
    "website": "http://ebert.com/consequatur-dolor-repellendus-provident-magni-molestiae-facere-fuga-voluptatem",
    "address": " hello,mTVM",
    "gender": "male",
    "phone": "2312345678",
    "_links": {
      "edit": {
        "href": "https://gorest.co.in/public-api/users/25390"
      },
      "self": {
        "href": "https://gorest.co.in/public-api/users/25390"
      },
      "avatar": {
        "href": null
      }
    },
    "dob": "1990-11-05",
    "last_name": "jacob",
    "id": "25390",
    "first_name": "nany2",
    "email": "cv4@c.com",
    "status": "active"
  },
  "_meta": {
    "code": 200,
    "rateLimit": {
      "limit": 30,
      "reset": 24,
      "remaining": 18
    },
    "success": true,
    "message": "OK. Everything worked as expected."
  }
}
 
09:09:56.799 [pool-1-thread-2] INFO  com.intuit.karate.Runner - <<pass>> feature 2 of 7: classpath:examples/users/userscreate.feature
---------------------------------------------------------
feature: classpath:examples/users/userscreate.feature
report: target\surefire-reports\examples.users.userscreate.json
scenarios:  2 | passed:  2 | failed:  0 | time: 4.6089
---------------------------------------------------------
Karate version: 0.9.5
======================================================
elapsed:   3.24 | threads:   15 | thread time: 19.21 
features:     5 | ignored:    2 | efficiency: 0.40
scenarios:   10 | passed:     7 | failed: 3
======================================================
failed features:
examples.users.usersdelete: usersdelete.feature:11 - 
usersnew.feature:22 - path: $._meta.message, actual: 'Data validation failed. Please check the response body for detailed error messages.', expected: 'OK. Everything worked as expected.', reason: not a sub-string
examples.users.usersupdate: usersupdate.feature:10 - 
usersnew.feature:22 - path: $._meta.message, actual: 'Data validation failed. Please check the response body for detailed error messages.', expected: 'OK. Everything worked as expected.', reason: not a sub-string
examples.users.userview: userview.feature:10 - 
usersnew.feature:22 - path: $._meta.message, actual: 'Data validation failed. Please check the response body for detailed error messages.', expected: 'OK. Everything worked as expected.', reason: not a sub-string

]]></system-out>
    <system-err><![CDATA[May 20, 2020 9:09:57 AM net.masterthought.cucumber.ReportParser parseJsonFiles
INFO: File 'C:\Users\91999\eclipse-workspace\karatedemopoc\target\surefire-reports\examples.users.userscreate.json' contains 1 features
May 20, 2020 9:09:57 AM net.masterthought.cucumber.ReportParser parseJsonFiles
INFO: File 'C:\Users\91999\eclipse-workspace\karatedemopoc\target\surefire-reports\examples.users.usersdelete.json' contains 1 features
May 20, 2020 9:09:57 AM net.masterthought.cucumber.ReportParser parseJsonFiles
INFO: File 'C:\Users\91999\eclipse-workspace\karatedemopoc\target\surefire-reports\examples.users.userslist.json' contains 1 features
May 20, 2020 9:09:57 AM net.masterthought.cucumber.ReportParser parseJsonFiles
INFO: File 'C:\Users\91999\eclipse-workspace\karatedemopoc\target\surefire-reports\examples.users.usersupdate.json' contains 1 features
May 20, 2020 9:09:57 AM net.masterthought.cucumber.ReportParser parseJsonFiles
INFO: File 'C:\Users\91999\eclipse-workspace\karatedemopoc\target\surefire-reports\examples.users.userview.json' contains 1 features
]]></system-err>
  </testcase>
</testsuite>